# JRE version: Java(TM) SE Runtime Environment (8.0_131-b11) (build 1.8.0_131-b11)
# Java VM: Java HotSpot(TM) Client VM (25.131-b11 mixed mode windows-x86 )
Heap:
 def new generation   total 6784K, used 3237K [0x03e00000, 0x04550000, 0x09350000)
  eden space 6080K,  41% used [0x03e00000, 0x04079758, 0x043f0000)
  from space 704K,  99% used [0x043f0000, 0x0449fff8, 0x044a0000)
  to   space 704K,   0% used [0x044a0000, 0x044a0000, 0x04550000)
 tenured generation   total 14940K, used 12935K [0x09350000, 0x0a1e7000, 0x13e00000)
   the space 14940K,  86% used [0x09350000, 0x09ff1fe8, 0x09ff2000, 0x0a1e7000)
 Metaspace       used 25807K, capacity 27099K, committed 27136K, reserved 28032K
GC Heap History (10 events):
Event: 5.115 GC heap before
{Heap before GC invocations=100 (full 2):
 def new generation   total 6784K, used 6662K [0x03e00000, 0x04550000, 0x09350000)
  eden space 6080K, 100% used [0x03e00000, 0x043f0000, 0x043f0000)
  from space 704K,  82% used [0x044a0000, 0x04531858, 0x04550000)
  to   space 704K,   0% used [0x043f0000, 0x043f0000, 0x044a0000)
 tenured generation   total 14940K, used 11993K [0x09350000, 0x0a1e7000, 0x13e00000)
   the space 14940K,  80% used [0x09350000, 0x09f06658, 0x09f06800, 0x0a1e7000)
 Metaspace       used 23992K, capacity 25177K, committed 25216K, reserved 25984K
Event: 5.118 GC heap after
Heap after GC invocations=101 (full 2):
 def new generation   total 6784K, used 566K [0x03e00000, 0x04550000, 0x09350000)
  eden space 6080K,   0% used [0x03e00000, 0x03e00000, 0x043f0000)
  from space 704K,  80% used [0x043f0000, 0x0447da08, 0x044a0000)
  to   space 704K,   0% used [0x044a0000, 0x044a0000, 0x04550000)
 tenured generation   total 14940K, used 12143K [0x09350000, 0x0a1e7000, 0x13e00000)
   the space 14940K,  81% used [0x09350000, 0x09f2bf38, 0x09f2c000, 0x0a1e7000)
 Metaspace       used 23992K, capacity 25177K, committed 25216K, reserved 25984K
}
Event: 5.182 GC heap before
{Heap before GC invocations=101 (full 2):
 def new generation   total 6784K, used 6646K [0x03e00000, 0x04550000, 0x09350000)
  eden space 6080K, 100% used [0x03e00000, 0x043f0000, 0x043f0000)
  from space 704K,  80% used [0x043f0000, 0x0447da08, 0x044a0000)
  to   space 704K,   0% used [0x044a0000, 0x044a0000, 0x04550000)
 tenured generation   total 14940K, used 12143K [0x09350000, 0x0a1e7000, 0x13e00000)
   the space 14940K,  81% used [0x09350000, 0x09f2bf38, 0x09f2c000, 0x0a1e7000)
 Metaspace       used 24709K, capacity 25918K, committed 25984K, reserved 25984K
Event: 5.184 GC heap after
Heap after GC invocations=102 (full 2):
 def new generation   total 6784K, used 704K [0x03e00000, 0x04550000, 0x09350000)
  eden space 6080K,   0% used [0x03e00000, 0x03e00000, 0x043f0000)
  from space 704K, 100% used [0x044a0000, 0x04550000, 0x04550000)
  to   space 704K,   0% used [0x043f0000, 0x043f0000, 0x044a0000)
 tenured generation   total 14940K, used 12339K [0x09350000, 0x0a1e7000, 0x13e00000)
   the space 14940K,  82% used [0x09350000, 0x09f5ce70, 0x09f5d000, 0x0a1e7000)
 Metaspace       used 24709K, capacity 25918K, committed 25984K, reserved 25984K
}
Event: 5.232 GC heap before
{Heap before GC invocations=102 (full 2):
 def new generation   total 6784K, used 6784K [0x03e00000, 0x04550000, 0x09350000)
  eden space 6080K, 100% used [0x03e00000, 0x043f0000, 0x043f0000)
  from space 704K, 100% used [0x044a0000, 0x04550000, 0x04550000)
  to   space 704K,   0% used [0x043f0000, 0x043f0000, 0x044a0000)
 tenured generation   total 14940K, used 12339K [0x09350000, 0x0a1e7000, 0x13e00000)
   the space 14940K,  82% used [0x09350000, 0x09f5ce70, 0x09f5d000, 0x0a1e7000)
 Metaspace       used 25068K, capacity 26302K, committed 26368K, reserved 27008K
Event: 5.235 GC heap after
Heap after GC invocations=103 (full 2):
 def new generation   total 6784K, used 619K [0x03e00000, 0x04550000, 0x09350000)
  eden space 6080K,   0% used [0x03e00000, 0x03e00000, 0x043f0000)
  from space 704K,  87% used [0x043f0000, 0x0448ac58, 0x044a0000)
  to   space 704K,   0% used [0x044a0000, 0x044a0000, 0x04550000)
 tenured generation   total 14940K, used 12470K [0x09350000, 0x0a1e7000, 0x13e00000)
   the space 14940K,  83% used [0x09350000, 0x09f7da90, 0x09f7dc00, 0x0a1e7000)
 Metaspace       used 25068K, capacity 26302K, committed 26368K, reserved 27008K
}
Event: 5.316 GC heap before
{Heap before GC invocations=103 (full 2):
 def new generation   total 6784K, used 6699K [0x03e00000, 0x04550000, 0x09350000)
  eden space 6080K, 100% used [0x03e00000, 0x043f0000, 0x043f0000)
  from space 704K,  87% used [0x043f0000, 0x0448ac58, 0x044a0000)
  to   space 704K,   0% used [0x044a0000, 0x044a0000, 0x04550000)
 tenured generation   total 14940K, used 12470K [0x09350000, 0x0a1e7000, 0x13e00000)
   the space 14940K,  83% used [0x09350000, 0x09f7da90, 0x09f7dc00, 0x0a1e7000)
 Metaspace       used 25308K, capacity 26569K, committed 26624K, reserved 27008K
Event: 5.318 GC heap after
Heap after GC invocations=104 (full 2):
 def new generation   total 6784K, used 653K [0x03e00000, 0x04550000, 0x09350000)
  eden space 6080K,   0% used [0x03e00000, 0x03e00000, 0x043f0000)
  from space 704K,  92% used [0x044a0000, 0x04543560, 0x04550000)
  to   space 704K,   0% used [0x043f0000, 0x043f0000, 0x044a0000)
 tenured generation   total 14940K, used 12521K [0x09350000, 0x0a1e7000, 0x13e00000)
   the space 14940K,  83% used [0x09350000, 0x09f8a7a8, 0x09f8a800, 0x0a1e7000)
 Metaspace       used 25308K, capacity 26569K, committed 26624K, reserved 27008K
}
Event: 5.397 GC heap before
{Heap before GC invocations=104 (full 2):
 def new generation   total 6784K, used 6733K [0x03e00000, 0x04550000, 0x09350000)
  eden space 6080K, 100% used [0x03e00000, 0x043f0000, 0x043f0000)
  from space 704K,  92% used [0x044a0000, 0x04543560, 0x04550000)
  to   space 704K,   0% used [0x043f0000, 0x043f0000, 0x044a0000)
 tenured generation   total 14940K, used 12521K [0x09350000, 0x0a1e7000, 0x13e00000)
   the space 14940K,  83% used [0x09350000, 0x09f8a7a8, 0x09f8a800, 0x0a1e7000)
 Metaspace       used 25643K, capacity 26904K, committed 27008K, reserved 27008K
Event: 5.400 GC heap after
Heap after GC invocations=105 (full 2):
 def new generation   total 6784K, used 703K [0x03e00000, 0x04550000, 0x09350000)
  eden space 6080K,   0% used [0x03e00000, 0x03e00000, 0x043f0000)
  from space 704K,  99% used [0x043f0000, 0x0449fff8, 0x044a0000)
  to   space 704K,   0% used [0x044a0000, 0x044a0000, 0x04550000)
 tenured generation   total 14940K, used 12935K [0x09350000, 0x0a1e7000, 0x13e00000)
   the space 14940K,  86% used [0x09350000, 0x09ff1fe8, 0x09ff2000, 0x0a1e7000)
 Metaspace       used 25643K, capacity 26904K, committed 27008K, reserved 27008K
}

